<?xml version="1.0" encoding="UTF-8"?>
<testng-results skipped="0" failed="0" ignored="0" total="1" passed="1">
  <reporter-output>
  </reporter-output>
  <suite name="Surefire suite" duration-ms="92300" started-at="2022-10-07T17:07:37 EET" finished-at="2022-10-07T17:09:09 EET">
    <groups>
      <group name="cucumber">
        <method signature="AbstractTestNGCucumberTests.runScenario(io.cucumber.testng.PickleWrapper,io.cucumber.testng.FeatureWrapper)[pri:0, instance:org.example.testRunner.runners@33c7e1bb]" name="runScenario" class="io.cucumber.testng.AbstractTestNGCucumberTests"/>
      </group> <!-- cucumber -->
    </groups>
    <test name="Surefire test" duration-ms="92300" started-at="2022-10-07T17:07:37 EET" finished-at="2022-10-07T17:09:09 EET">
      <class name="org.example.testRunner.runners">
        <test-method status="PASS" signature="setUpClass(org.testng.ITestContext)[pri:0, instance:org.example.testRunner.runners@33c7e1bb]" name="setUpClass" is-config="true" duration-ms="2413" started-at="2022-10-07T17:07:37 EET" finished-at="2022-10-07T17:07:39 EET">
          <params>
            <param index="0">
              <value>
                <![CDATA[org.testng.TestRunner@64aad6db]]>
              </value>
            </param>
          </params>
          <reporter-output>
          </reporter-output>
        </test-method> <!-- setUpClass -->
        <test-method status="PASS" signature="runScenario(io.cucumber.testng.PickleWrapper,io.cucumber.testng.FeatureWrapper)[pri:0, instance:org.example.testRunner.runners@33c7e1bb]" name="runScenario" duration-ms="88029" started-at="2022-10-07T17:07:39 EET" description="Runs Cucumber Scenarios" data-provider="scenarios" finished-at="2022-10-07T17:09:07 EET">
          <params>
            <param index="0">
              <value>
                <![CDATA["guest user could register with valid data successfully"]]>
              </value>
            </param>
            <param index="1">
              <value>
                <![CDATA["Optional[F01_Register | users could register with new accounts]"]]>
              </value>
            </param>
          </params>
          <reporter-output>
          </reporter-output>
        </test-method> <!-- runScenario -->
        <test-method status="PASS" signature="tearDownClass()[pri:0, instance:org.example.testRunner.runners@33c7e1bb]" name="tearDownClass" is-config="true" duration-ms="1766" started-at="2022-10-07T17:09:07 EET" finished-at="2022-10-07T17:09:09 EET">
          <reporter-output>
          </reporter-output>
        </test-method> <!-- tearDownClass -->
      </class> <!-- org.example.testRunner.runners -->
    </test> <!-- Surefire test -->
  </suite> <!-- Surefire suite -->
</testng-results>
