[{"line":2,"elements":[{"start_timestamp":"2022-10-08T21:00:22.828Z","before":[{"result":{"duration":10395000000,"status":"passed"},"match":{"location":"org.example.stepDefs.Hooks.openBrowser()"}}],"line":3,"name":"guest user could register with valid data successfully","description":"","id":"f01-register-|-users-could-register-with-new-accounts;guest-user-could-register-with-valid-data-successfully","after":[{"result":{"duration":1169000000,"status":"passed"},"match":{"location":"org.example.stepDefs.Hooks.closeDriver()"}}],"type":"scenario","keyword":"Scenario","steps":[{"result":{"duration":5794000000,"status":"passed"},"line":4,"name":"user go to register page","match":{"location":"org.example.stepDefs.D01_registerStepDef.RegisterPage()"},"keyword":"Given "},{"result":{"duration":118000000,"status":"passed"},"line":5,"name":"user select gender type","match":{"location":"org.example.stepDefs.D01_registerStepDef.GenderType()"},"keyword":"When "},{"result":{"duration":457000000,"status":"passed"},"line":6,"name":"user enter first name \"automation\" and last name \"tester\"","match":{"arguments":[{"val":"automation","offset":23},{"val":"tester","offset":50}],"location":"org.example.stepDefs.D01_registerStepDef.valid_user_name(java.lang.String,java.lang.String)"},"keyword":"And "},{"result":{"duration":972000000,"status":"passed"},"line":7,"name":"user enter date of birth","match":{"location":"org.example.stepDefs.D01_registerStepDef.date_of_birth()"},"keyword":"And "},{"result":{"duration":3757000000,"status":"passed"},"line":8,"name":"user enter email field","match":{"location":"org.example.stepDefs.D01_registerStepDef.mail_field()"},"keyword":"And "},{"result":{"duration":335000000,"status":"passed"},"line":9,"name":"user fills Password fields \"P@ssw0rd\" \"P@ssw0rd\"","match":{"arguments":[{"val":"P@ssw0rd","offset":28},{"val":"P@ssw0rd","offset":39}],"location":"org.example.stepDefs.D01_registerStepDef.valid_password(java.lang.String,java.lang.String)"},"keyword":"And "},{"result":{"duration":1430000000,"status":"passed"},"line":10,"name":"user clicks on register button","match":{"location":"org.example.stepDefs.D01_registerStepDef.register_button()"},"keyword":"And "},{"result":{"duration":86000000,"status":"passed"},"line":11,"name":"success message is displayed","match":{"location":"org.example.stepDefs.D01_registerStepDef.success_displayed()"},"keyword":"Then "}],"tags":[{"name":"@smoke"}]}],"name":"F01_Register | users could register with new accounts","description":"","id":"f01-register-|-users-could-register-with-new-accounts","keyword":"Feature","uri":"file:src/main/resources/features/F01_Register.feature","tags":[{"name":"@smoke","type":"Tag","location":{"line":1,"column":1}}]},{"line":2,"elements":[{"line":3,"name":"user go to login page","description":"","type":"background","keyword":"Background","steps":[]},{"start_timestamp":"2022-10-08T21:00:47.380Z","before":[{"result":{"duration":36622000000,"status":"passed"},"match":{"location":"org.example.stepDefs.Hooks.openBrowser()"}}],"line":5,"name":"user could login with valid email and password","description":"","id":"f02-login-|-users-could-use-login-functionality-to-use-their-accounts;user-could-login-with-valid-email-and-password","after":[{"result":{"duration":1150000000,"status":"passed"},"match":{"location":"org.example.stepDefs.Hooks.closeDriver()"}}],"type":"scenario","keyword":"Scenario","steps":[{"result":{"error_message":"io.cucumber.core.exception.CucumberException: Failed to instantiate class org.example.stepDefs.D02_loginStepDef\r\n\tat io.cucumber.core.backend.DefaultObjectFactory.cacheNewInstance(DefaultObjectFactory.java:67)\r\n\tat io.cucumber.core.backend.DefaultObjectFactory.getInstance(DefaultObjectFactory.java:45)\r\n\tat io.cucumber.java.AbstractGlueDefinition.invokeMethod(AbstractGlueDefinition.java:47)\r\n\tat io.cucumber.java.JavaStepDefinition.execute(JavaStepDefinition.java:29)\r\n\tat io.cucumber.core.runner.CoreStepDefinition.execute(CoreStepDefinition.java:66)\r\n\tat io.cucumber.core.runner.PickleStepDefinitionMatch.runStep(PickleStepDefinitionMatch.java:63)\r\n\tat io.cucumber.core.runner.ExecutionMode$1.execute(ExecutionMode.java:10)\r\n\tat io.cucumber.core.runner.TestStep.executeStep(TestStep.java:86)\r\n\tat io.cucumber.core.runner.TestStep.run(TestStep.java:57)\r\n\tat io.cucumber.core.runner.PickleStepTestStep.run(PickleStepTestStep.java:51)\r\n\tat io.cucumber.core.runner.TestCase.run(TestCase.java:95)\r\n\tat io.cucumber.core.runner.Runner.runPickle(Runner.java:75)\r\n\tat io.cucumber.testng.TestNGCucumberRunner.lambda$runScenario$1(TestNGCucumberRunner.java:132)\r\n\tat io.cucumber.core.runtime.CucumberExecutionContext.lambda$runTestCase$3(CucumberExecutionContext.java:151)\r\n\tat io.cucumber.core.runtime.RethrowingThrowableCollector.executeAndThrow(RethrowingThrowableCollector.java:23)\r\n\tat io.cucumber.core.runtime.CucumberExecutionContext.runTestCase(CucumberExecutionContext.java:151)\r\n\tat io.cucumber.testng.TestNGCucumberRunner.runScenario(TestNGCucumberRunner.java:129)\r\n\tat io.cucumber.testng.AbstractTestNGCucumberTests.runScenario(AbstractTestNGCucumberTests.java:35)\r\n\tat sun.reflect.NativeMethodAccessorImpl.invoke0(Native Method)\r\n\tat sun.reflect.NativeMethodAccessorImpl.invoke(NativeMethodAccessorImpl.java:62)\r\n\tat sun.reflect.DelegatingMethodAccessorImpl.invoke(DelegatingMethodAccessorImpl.java:43)\r\n\tat java.lang.reflect.Method.invoke(Method.java:498)\r\n\tat org.testng.internal.MethodInvocationHelper.invokeMethod(MethodInvocationHelper.java:133)\r\n\tat org.testng.internal.TestInvoker.invokeMethod(TestInvoker.java:598)\r\n\tat org.testng.internal.TestInvoker.invokeTestMethod(TestInvoker.java:173)\r\n\tat org.testng.internal.MethodRunner.runInSequence(MethodRunner.java:46)\r\n\tat org.testng.internal.TestInvoker$MethodInvocationAgent.invoke(TestInvoker.java:824)\r\n\tat org.testng.internal.TestInvoker.invokeTestMethods(TestInvoker.java:146)\r\n\tat org.testng.internal.TestMethodWorker.invokeTestMethods(TestMethodWorker.java:146)\r\n\tat org.testng.internal.TestMethodWorker.run(TestMethodWorker.java:128)\r\n\tat java.util.ArrayList.forEach(ArrayList.java:1249)\r\n\tat org.testng.TestRunner.privateRun(TestRunner.java:794)\r\n\tat org.testng.TestRunner.run(TestRunner.java:596)\r\n\tat org.testng.SuiteRunner.runTest(SuiteRunner.java:377)\r\n\tat org.testng.SuiteRunner.runSequentially(SuiteRunner.java:371)\r\n\tat org.testng.SuiteRunner.privateRun(SuiteRunner.java:332)\r\n\tat org.testng.SuiteRunner.run(SuiteRunner.java:276)\r\n\tat org.testng.SuiteRunnerWorker.runSuite(SuiteRunnerWorker.java:53)\r\n\tat org.testng.SuiteRunnerWorker.run(SuiteRunnerWorker.java:96)\r\n\tat org.testng.TestNG.runSuitesSequentially(TestNG.java:1212)\r\n\tat org.testng.TestNG.runSuitesLocally(TestNG.java:1134)\r\n\tat org.testng.TestNG.runSuites(TestNG.java:1063)\r\n\tat org.testng.TestNG.run(TestNG.java:1031)\r\n\tat com.intellij.rt.testng.IDEARemoteTestNG.run(IDEARemoteTestNG.java:66)\r\n\tat com.intellij.rt.testng.RemoteTestNGStarter.main(RemoteTestNGStarter.java:109)\r\nCaused by: java.lang.reflect.InvocationTargetException\r\n\tat sun.reflect.NativeConstructorAccessorImpl.newInstance0(Native Method)\r\n\tat sun.reflect.NativeConstructorAccessorImpl.newInstance(NativeConstructorAccessorImpl.java:62)\r\n\tat sun.reflect.DelegatingConstructorAccessorImpl.newInstance(DelegatingConstructorAccessorImpl.java:45)\r\n\tat java.lang.reflect.Constructor.newInstance(Constructor.java:423)\r\n\tat io.cucumber.core.backend.DefaultObjectFactory.cacheNewInstance(DefaultObjectFactory.java:53)\r\n\t... 44 more\r\nCaused by: org.openqa.selenium.InvalidSelectorException: Compound class names not permitted\nFor documentation on this error, please visit: https://selenium.dev/exceptions/#invalid_selector_exception\nBuild info: version: '4.1.1', revision: 'e8fcc2cecf'\nSystem info: host: 'HESHAM-PC', ip: '192.168.1.9', os.name: 'Windows 7', os.arch: 'amd64', os.version: '6.1', java.version: '1.8.0_111'\nDriver info: driver.version: unknown\r\n\tat org.openqa.selenium.By$ByClassName.<init>(By.java:310)\r\n\tat org.openqa.selenium.By.className(By.java:100)\r\n\tat org.openqa.selenium.support.AbstractFindByBuilder.buildByFromShortFindBy(AbstractFindByBuilder.java:43)\r\n\tat org.openqa.selenium.support.FindBy$FindByBuilder.buildIt(FindBy.java:85)\r\n\tat org.openqa.selenium.support.pagefactory.Annotations.buildBy(Annotations.java:79)\r\n\tat org.openqa.selenium.support.pagefactory.DefaultElementLocator.<init>(DefaultElementLocator.java:58)\r\n\tat org.openqa.selenium.support.pagefactory.DefaultElementLocator.<init>(DefaultElementLocator.java:46)\r\n\tat org.openqa.selenium.support.pagefactory.DefaultElementLocatorFactory.createLocator(DefaultElementLocatorFactory.java:33)\r\n\tat org.openqa.selenium.support.pagefactory.DefaultFieldDecorator.decorate(DefaultFieldDecorator.java:57)\r\n\tat org.openqa.selenium.support.PageFactory.proxyFields(PageFactory.java:111)\r\n\tat org.openqa.selenium.support.PageFactory.initElements(PageFactory.java:103)\r\n\tat org.openqa.selenium.support.PageFactory.initElements(PageFactory.java:90)\r\n\tat org.openqa.selenium.support.PageFactory.initElements(PageFactory.java:78)\r\n\tat org.example.pages.P02_login.<init>(P02_login.java:13)\r\n\tat org.example.stepDefs.D02_loginStepDef.<init>(D02_loginStepDef.java:15)\r\n\t... 49 more\r\n","duration":34000000,"status":"failed"},"line":7,"name":"user login with \"alexia.connelly@example.com\" and \"P@ssw0rd\"","match":{"arguments":[{"val":"alexia.connelly@example.com","offset":17},{"val":"P@ssw0rd","offset":51}],"location":"org.example.stepDefs.D02_loginStepDef.valid_user(java.lang.String,java.lang.String)"},"keyword":"When "},{"result":{"duration":1000000,"status":"skipped"},"line":8,"name":"user press on login button","match":{"location":"org.example.stepDefs.D02_loginStepDef.login_button()"},"keyword":"And "},{"result":{"status":"skipped"},"line":9,"name":"user login to the system successfully","match":{"location":"org.example.stepDefs.D02_loginStepDef.success_login()"},"keyword":"Then "}],"tags":[{"name":"@smoke"}]},{"line":3,"name":"user go to login page","description":"","type":"background","keyword":"Background","steps":[]},{"start_timestamp":"2022-10-08T21:01:25.221Z","before":[{"result":{"duration":5490000000,"status":"passed"},"match":{"location":"org.example.stepDefs.Hooks.openBrowser()"}}],"line":12,"name":"user could login with invalid email and password","description":"","id":"f02-login-|-users-could-use-login-functionality-to-use-their-accounts;user-could-login-with-invalid-email-and-password","after":[{"result":{"duration":700000000,"status":"passed"},"match":{"location":"org.example.stepDefs.Hooks.closeDriver()"}}],"type":"scenario","keyword":"Scenario","steps":[{"result":{"error_message":"io.cucumber.core.exception.CucumberException: Failed to instantiate class org.example.stepDefs.D02_loginStepDef\r\n\tat io.cucumber.core.backend.DefaultObjectFactory.cacheNewInstance(DefaultObjectFactory.java:67)\r\n\tat io.cucumber.core.backend.DefaultObjectFactory.getInstance(DefaultObjectFactory.java:45)\r\n\tat io.cucumber.java.AbstractGlueDefinition.invokeMethod(AbstractGlueDefinition.java:47)\r\n\tat io.cucumber.java.JavaStepDefinition.execute(JavaStepDefinition.java:29)\r\n\tat io.cucumber.core.runner.CoreStepDefinition.execute(CoreStepDefinition.java:66)\r\n\tat io.cucumber.core.runner.PickleStepDefinitionMatch.runStep(PickleStepDefinitionMatch.java:63)\r\n\tat io.cucumber.core.runner.ExecutionMode$1.execute(ExecutionMode.java:10)\r\n\tat io.cucumber.core.runner.TestStep.executeStep(TestStep.java:86)\r\n\tat io.cucumber.core.runner.TestStep.run(TestStep.java:57)\r\n\tat io.cucumber.core.runner.PickleStepTestStep.run(PickleStepTestStep.java:51)\r\n\tat io.cucumber.core.runner.TestCase.run(TestCase.java:95)\r\n\tat io.cucumber.core.runner.Runner.runPickle(Runner.java:75)\r\n\tat io.cucumber.testng.TestNGCucumberRunner.lambda$runScenario$1(TestNGCucumberRunner.java:132)\r\n\tat io.cucumber.core.runtime.CucumberExecutionContext.lambda$runTestCase$3(CucumberExecutionContext.java:151)\r\n\tat io.cucumber.core.runtime.RethrowingThrowableCollector.executeAndThrow(RethrowingThrowableCollector.java:23)\r\n\tat io.cucumber.core.runtime.CucumberExecutionContext.runTestCase(CucumberExecutionContext.java:151)\r\n\tat io.cucumber.testng.TestNGCucumberRunner.runScenario(TestNGCucumberRunner.java:129)\r\n\tat io.cucumber.testng.AbstractTestNGCucumberTests.runScenario(AbstractTestNGCucumberTests.java:35)\r\n\tat sun.reflect.NativeMethodAccessorImpl.invoke0(Native Method)\r\n\tat sun.reflect.NativeMethodAccessorImpl.invoke(NativeMethodAccessorImpl.java:62)\r\n\tat sun.reflect.DelegatingMethodAccessorImpl.invoke(DelegatingMethodAccessorImpl.java:43)\r\n\tat java.lang.reflect.Method.invoke(Method.java:498)\r\n\tat org.testng.internal.MethodInvocationHelper.invokeMethod(MethodInvocationHelper.java:133)\r\n\tat org.testng.internal.TestInvoker.invokeMethod(TestInvoker.java:598)\r\n\tat org.testng.internal.TestInvoker.invokeTestMethod(TestInvoker.java:173)\r\n\tat org.testng.internal.MethodRunner.runInSequence(MethodRunner.java:46)\r\n\tat org.testng.internal.TestInvoker$MethodInvocationAgent.invoke(TestInvoker.java:824)\r\n\tat org.testng.internal.TestInvoker.invokeTestMethods(TestInvoker.java:146)\r\n\tat org.testng.internal.TestMethodWorker.invokeTestMethods(TestMethodWorker.java:146)\r\n\tat org.testng.internal.TestMethodWorker.run(TestMethodWorker.java:128)\r\n\tat java.util.ArrayList.forEach(ArrayList.java:1249)\r\n\tat org.testng.TestRunner.privateRun(TestRunner.java:794)\r\n\tat org.testng.TestRunner.run(TestRunner.java:596)\r\n\tat org.testng.SuiteRunner.runTest(SuiteRunner.java:377)\r\n\tat org.testng.SuiteRunner.runSequentially(SuiteRunner.java:371)\r\n\tat org.testng.SuiteRunner.privateRun(SuiteRunner.java:332)\r\n\tat org.testng.SuiteRunner.run(SuiteRunner.java:276)\r\n\tat org.testng.SuiteRunnerWorker.runSuite(SuiteRunnerWorker.java:53)\r\n\tat org.testng.SuiteRunnerWorker.run(SuiteRunnerWorker.java:96)\r\n\tat org.testng.TestNG.runSuitesSequentially(TestNG.java:1212)\r\n\tat org.testng.TestNG.runSuitesLocally(TestNG.java:1134)\r\n\tat org.testng.TestNG.runSuites(TestNG.java:1063)\r\n\tat org.testng.TestNG.run(TestNG.java:1031)\r\n\tat com.intellij.rt.testng.IDEARemoteTestNG.run(IDEARemoteTestNG.java:66)\r\n\tat com.intellij.rt.testng.RemoteTestNGStarter.main(RemoteTestNGStarter.java:109)\r\nCaused by: java.lang.reflect.InvocationTargetException\r\n\tat sun.reflect.NativeConstructorAccessorImpl.newInstance0(Native Method)\r\n\tat sun.reflect.NativeConstructorAccessorImpl.newInstance(NativeConstructorAccessorImpl.java:62)\r\n\tat sun.reflect.DelegatingConstructorAccessorImpl.newInstance(DelegatingConstructorAccessorImpl.java:45)\r\n\tat java.lang.reflect.Constructor.newInstance(Constructor.java:423)\r\n\tat io.cucumber.core.backend.DefaultObjectFactory.cacheNewInstance(DefaultObjectFactory.java:53)\r\n\t... 44 more\r\nCaused by: org.openqa.selenium.InvalidSelectorException: Compound class names not permitted\nFor documentation on this error, please visit: https://selenium.dev/exceptions/#invalid_selector_exception\nBuild info: version: '4.1.1', revision: 'e8fcc2cecf'\nSystem info: host: 'HESHAM-PC', ip: '192.168.1.9', os.name: 'Windows 7', os.arch: 'amd64', os.version: '6.1', java.version: '1.8.0_111'\nDriver info: driver.version: unknown\r\n\tat org.openqa.selenium.By$ByClassName.<init>(By.java:310)\r\n\tat org.openqa.selenium.By.className(By.java:100)\r\n\tat org.openqa.selenium.support.AbstractFindByBuilder.buildByFromShortFindBy(AbstractFindByBuilder.java:43)\r\n\tat org.openqa.selenium.support.FindBy$FindByBuilder.buildIt(FindBy.java:85)\r\n\tat org.openqa.selenium.support.pagefactory.Annotations.buildBy(Annotations.java:79)\r\n\tat org.openqa.selenium.support.pagefactory.DefaultElementLocator.<init>(DefaultElementLocator.java:58)\r\n\tat org.openqa.selenium.support.pagefactory.DefaultElementLocator.<init>(DefaultElementLocator.java:46)\r\n\tat org.openqa.selenium.support.pagefactory.DefaultElementLocatorFactory.createLocator(DefaultElementLocatorFactory.java:33)\r\n\tat org.openqa.selenium.support.pagefactory.DefaultFieldDecorator.decorate(DefaultFieldDecorator.java:57)\r\n\tat org.openqa.selenium.support.PageFactory.proxyFields(PageFactory.java:111)\r\n\tat org.openqa.selenium.support.PageFactory.initElements(PageFactory.java:103)\r\n\tat org.openqa.selenium.support.PageFactory.initElements(PageFactory.java:90)\r\n\tat org.openqa.selenium.support.PageFactory.initElements(PageFactory.java:78)\r\n\tat org.example.pages.P02_login.<init>(P02_login.java:13)\r\n\tat org.example.stepDefs.D02_loginStepDef.<init>(D02_loginStepDef.java:15)\r\n\t... 49 more\r\n","duration":1000000,"status":"failed"},"line":13,"name":"user login with \"wrong@example.com\" and \"P@ssw0rd\"","match":{"arguments":[{"val":"wrong@example.com","offset":17},{"val":"P@ssw0rd","offset":41}],"location":"org.example.stepDefs.D02_loginStepDef.valid_user(java.lang.String,java.lang.String)"},"keyword":"When "},{"result":{"status":"skipped"},"line":14,"name":"user press on login button","match":{"location":"org.example.stepDefs.D02_loginStepDef.login_button()"},"keyword":"And "},{"result":{"status":"skipped"},"line":15,"name":"user could not login to the system","match":{"location":"org.example.stepDefs.D02_loginStepDef.unsuccessful_login()"},"keyword":"Then "}],"tags":[{"name":"@smoke"}]}],"name":"F02_Login | users could use login functionality to use their accounts","description":"","id":"f02-login-|-users-could-use-login-functionality-to-use-their-accounts","keyword":"Feature","uri":"file:src/main/resources/features/F02_Login.feature","tags":[{"name":"@smoke","type":"Tag","location":{"line":1,"column":1}}]},{"line":2,"elements":[{"start_timestamp":"2022-10-08T21:01:31.434Z","before":[{"result":{"duration":3535000000,"status":"passed"},"match":{"location":"org.example.stepDefs.Hooks.openBrowser()"}}],"line":3,"name":"User could select Euro currency","description":"","id":"f03-currency-|-testing-currency;user-could-select-euro-currency","after":[{"result":{"duration":650000000,"status":"passed"},"match":{"location":"org.example.stepDefs.Hooks.closeDriver()"}}],"type":"scenario","keyword":"Scenario","steps":[{"result":{"duration":1492000000,"status":"passed"},"line":4,"name":"User select euro option","match":{"location":"org.example.stepDefs.D03_currenciesStepDef.select_euro()"},"keyword":"When "},{"result":{"duration":200000000,"status":"passed"},"line":5,"name":"euro symbol is displayed on all products","match":{"location":"org.example.stepDefs.D03_currenciesStepDef.euroSymbolIsDisplayedOnAllProducts()"},"keyword":"Then "}],"tags":[{"name":"@smoke"}]}],"name":"F03_Currency | Testing Currency","description":"","id":"f03-currency-|-testing-currency","keyword":"Feature","uri":"file:src/main/resources/features/F03_currencies.feature","tags":[{"name":"@smoke","type":"Tag","location":{"line":1,"column":2}}]},{"line":2,"elements":[{"start_timestamp":"2022-10-08T21:01:37.326Z","before":[{"result":{"duration":3853000000,"status":"passed"},"match":{"location":"org.example.stepDefs.Hooks.openBrowser()"}}],"line":9,"name":"User could search using product name","description":"","id":"f04-search-|-user-will-be-able-to-search-for-products-with-different-parameters;user-could-search-using-product-name;;2","after":[{"result":{"duration":673000000,"status":"passed"},"match":{"location":"org.example.stepDefs.Hooks.closeDriver()"}}],"type":"scenario","keyword":"Scenario Outline","steps":[{"result":{"duration":153000000,"status":"passed"},"line":4,"name":"user clicks on search field","match":{"location":"org.example.stepDefs.D04_searchStepDef.search_field()"},"keyword":"When "},{"result":{"duration":87000000,"status":"passed"},"line":5,"name":"user search with \"book\"","match":{"arguments":[{"val":"\"book\"","offset":17}],"location":"org.example.stepDefs.D04_searchStepDef.userSearchWith(java.lang.String)"},"keyword":"And "},{"result":{"error_message":"io.cucumber.core.exception.CucumberException: Step [user could find {string} relative results] is defined with 0 parameters at 'org.example.stepDefs.D04_searchStepDef.userCouldFindRelativeResults()'.\nHowever, the gherkin step has 1 arguments:\n * \"book\"\nStep text: user could find \"book\" relative results\r\n\tat io.cucumber.core.runner.PickleStepDefinitionMatch.arityMismatch(PickleStepDefinitionMatch.java:83)\r\n\tat io.cucumber.core.runner.PickleStepDefinitionMatch.runStep(PickleStepDefinitionMatch.java:42)\r\n\tat io.cucumber.core.runner.ExecutionMode$1.execute(ExecutionMode.java:10)\r\n\tat io.cucumber.core.runner.TestStep.executeStep(TestStep.java:86)\r\n\tat io.cucumber.core.runner.TestStep.run(TestStep.java:57)\r\n\tat io.cucumber.core.runner.PickleStepTestStep.run(PickleStepTestStep.java:51)\r\n\tat io.cucumber.core.runner.TestCase.run(TestCase.java:95)\r\n\tat io.cucumber.core.runner.Runner.runPickle(Runner.java:75)\r\n\tat io.cucumber.testng.TestNGCucumberRunner.lambda$runScenario$1(TestNGCucumberRunner.java:132)\r\n\tat io.cucumber.core.runtime.CucumberExecutionContext.lambda$runTestCase$3(CucumberExecutionContext.java:151)\r\n\tat io.cucumber.core.runtime.RethrowingThrowableCollector.executeAndThrow(RethrowingThrowableCollector.java:23)\r\n\tat io.cucumber.core.runtime.CucumberExecutionContext.runTestCase(CucumberExecutionContext.java:151)\r\n\tat io.cucumber.testng.TestNGCucumberRunner.runScenario(TestNGCucumberRunner.java:129)\r\n\tat io.cucumber.testng.AbstractTestNGCucumberTests.runScenario(AbstractTestNGCucumberTests.java:35)\r\n\tat sun.reflect.NativeMethodAccessorImpl.invoke0(Native Method)\r\n\tat sun.reflect.NativeMethodAccessorImpl.invoke(NativeMethodAccessorImpl.java:62)\r\n\tat sun.reflect.DelegatingMethodAccessorImpl.invoke(DelegatingMethodAccessorImpl.java:43)\r\n\tat java.lang.reflect.Method.invoke(Method.java:498)\r\n\tat org.testng.internal.MethodInvocationHelper.invokeMethod(MethodInvocationHelper.java:133)\r\n\tat org.testng.internal.TestInvoker.invokeMethod(TestInvoker.java:598)\r\n\tat org.testng.internal.TestInvoker.invokeTestMethod(TestInvoker.java:173)\r\n\tat org.testng.internal.MethodRunner.runInSequence(MethodRunner.java:46)\r\n\tat org.testng.internal.TestInvoker$MethodInvocationAgent.invoke(TestInvoker.java:824)\r\n\tat org.testng.internal.TestInvoker.invokeTestMethods(TestInvoker.java:146)\r\n\tat org.testng.internal.TestMethodWorker.invokeTestMethods(TestMethodWorker.java:146)\r\n\tat org.testng.internal.TestMethodWorker.run(TestMethodWorker.java:128)\r\n\tat java.util.ArrayList.forEach(ArrayList.java:1249)\r\n\tat org.testng.TestRunner.privateRun(TestRunner.java:794)\r\n\tat org.testng.TestRunner.run(TestRunner.java:596)\r\n\tat org.testng.SuiteRunner.runTest(SuiteRunner.java:377)\r\n\tat org.testng.SuiteRunner.runSequentially(SuiteRunner.java:371)\r\n\tat org.testng.SuiteRunner.privateRun(SuiteRunner.java:332)\r\n\tat org.testng.SuiteRunner.run(SuiteRunner.java:276)\r\n\tat org.testng.SuiteRunnerWorker.runSuite(SuiteRunnerWorker.java:53)\r\n\tat org.testng.SuiteRunnerWorker.run(SuiteRunnerWorker.java:96)\r\n\tat org.testng.TestNG.runSuitesSequentially(TestNG.java:1212)\r\n\tat org.testng.TestNG.runSuitesLocally(TestNG.java:1134)\r\n\tat org.testng.TestNG.runSuites(TestNG.java:1063)\r\n\tat org.testng.TestNG.run(TestNG.java:1031)\r\n\tat com.intellij.rt.testng.IDEARemoteTestNG.run(IDEARemoteTestNG.java:66)\r\n\tat com.intellij.rt.testng.RemoteTestNGStarter.main(RemoteTestNGStarter.java:109)\r\n","status":"failed"},"line":6,"name":"user could find \"book\" relative results","match":{"arguments":[{"val":"\"book\"","offset":16}],"location":"org.example.stepDefs.D04_searchStepDef.userCouldFindRelativeResults()"},"keyword":"Then "}],"tags":[{"name":"@smoke"}]},{"start_timestamp":"2022-10-08T21:01:42.160Z","before":[{"result":{"duration":4716000000,"status":"passed"},"match":{"location":"org.example.stepDefs.Hooks.openBrowser()"}}],"line":10,"name":"User could search using product name","description":"","id":"f04-search-|-user-will-be-able-to-search-for-products-with-different-parameters;user-could-search-using-product-name;;3","after":[{"result":{"duration":939000000,"status":"passed"},"match":{"location":"org.example.stepDefs.Hooks.closeDriver()"}}],"type":"scenario","keyword":"Scenario Outline","steps":[{"result":{"duration":83000000,"status":"passed"},"line":4,"name":"user clicks on search field","match":{"location":"org.example.stepDefs.D04_searchStepDef.search_field()"},"keyword":"When "},{"result":{"duration":52000000,"status":"passed"},"line":5,"name":"user search with \"labTop\"","match":{"arguments":[{"val":"\"labTop\"","offset":17}],"location":"org.example.stepDefs.D04_searchStepDef.userSearchWith(java.lang.String)"},"keyword":"And "},{"result":{"error_message":"io.cucumber.core.exception.CucumberException: Step [user could find {string} relative results] is defined with 0 parameters at 'org.example.stepDefs.D04_searchStepDef.userCouldFindRelativeResults()'.\nHowever, the gherkin step has 1 arguments:\n * \"labTop\"\nStep text: user could find \"labTop\" relative results\r\n\tat io.cucumber.core.runner.PickleStepDefinitionMatch.arityMismatch(PickleStepDefinitionMatch.java:83)\r\n\tat io.cucumber.core.runner.PickleStepDefinitionMatch.runStep(PickleStepDefinitionMatch.java:42)\r\n\tat io.cucumber.core.runner.ExecutionMode$1.execute(ExecutionMode.java:10)\r\n\tat io.cucumber.core.runner.TestStep.executeStep(TestStep.java:86)\r\n\tat io.cucumber.core.runner.TestStep.run(TestStep.java:57)\r\n\tat io.cucumber.core.runner.PickleStepTestStep.run(PickleStepTestStep.java:51)\r\n\tat io.cucumber.core.runner.TestCase.run(TestCase.java:95)\r\n\tat io.cucumber.core.runner.Runner.runPickle(Runner.java:75)\r\n\tat io.cucumber.testng.TestNGCucumberRunner.lambda$runScenario$1(TestNGCucumberRunner.java:132)\r\n\tat io.cucumber.core.runtime.CucumberExecutionContext.lambda$runTestCase$3(CucumberExecutionContext.java:151)\r\n\tat io.cucumber.core.runtime.RethrowingThrowableCollector.executeAndThrow(RethrowingThrowableCollector.java:23)\r\n\tat io.cucumber.core.runtime.CucumberExecutionContext.runTestCase(CucumberExecutionContext.java:151)\r\n\tat io.cucumber.testng.TestNGCucumberRunner.runScenario(TestNGCucumberRunner.java:129)\r\n\tat io.cucumber.testng.AbstractTestNGCucumberTests.runScenario(AbstractTestNGCucumberTests.java:35)\r\n\tat sun.reflect.NativeMethodAccessorImpl.invoke0(Native Method)\r\n\tat sun.reflect.NativeMethodAccessorImpl.invoke(NativeMethodAccessorImpl.java:62)\r\n\tat sun.reflect.DelegatingMethodAccessorImpl.invoke(DelegatingMethodAccessorImpl.java:43)\r\n\tat java.lang.reflect.Method.invoke(Method.java:498)\r\n\tat org.testng.internal.MethodInvocationHelper.invokeMethod(MethodInvocationHelper.java:133)\r\n\tat org.testng.internal.TestInvoker.invokeMethod(TestInvoker.java:598)\r\n\tat org.testng.internal.TestInvoker.invokeTestMethod(TestInvoker.java:173)\r\n\tat org.testng.internal.MethodRunner.runInSequence(MethodRunner.java:46)\r\n\tat org.testng.internal.TestInvoker$MethodInvocationAgent.invoke(TestInvoker.java:824)\r\n\tat org.testng.internal.TestInvoker.invokeTestMethods(TestInvoker.java:146)\r\n\tat org.testng.internal.TestMethodWorker.invokeTestMethods(TestMethodWorker.java:146)\r\n\tat org.testng.internal.TestMethodWorker.run(TestMethodWorker.java:128)\r\n\tat java.util.ArrayList.forEach(ArrayList.java:1249)\r\n\tat org.testng.TestRunner.privateRun(TestRunner.java:794)\r\n\tat org.testng.TestRunner.run(TestRunner.java:596)\r\n\tat org.testng.SuiteRunner.runTest(SuiteRunner.java:377)\r\n\tat org.testng.SuiteRunner.runSequentially(SuiteRunner.java:371)\r\n\tat org.testng.SuiteRunner.privateRun(SuiteRunner.java:332)\r\n\tat org.testng.SuiteRunner.run(SuiteRunner.java:276)\r\n\tat org.testng.SuiteRunnerWorker.runSuite(SuiteRunnerWorker.java:53)\r\n\tat org.testng.SuiteRunnerWorker.run(SuiteRunnerWorker.java:96)\r\n\tat org.testng.TestNG.runSuitesSequentially(TestNG.java:1212)\r\n\tat org.testng.TestNG.runSuitesLocally(TestNG.java:1134)\r\n\tat org.testng.TestNG.runSuites(TestNG.java:1063)\r\n\tat org.testng.TestNG.run(TestNG.java:1031)\r\n\tat com.intellij.rt.testng.IDEARemoteTestNG.run(IDEARemoteTestNG.java:66)\r\n\tat com.intellij.rt.testng.RemoteTestNGStarter.main(RemoteTestNGStarter.java:109)\r\n","status":"failed"},"line":6,"name":"user could find \"labTop\" relative results","match":{"arguments":[{"val":"\"labTop\"","offset":16}],"location":"org.example.stepDefs.D04_searchStepDef.userCouldFindRelativeResults()"},"keyword":"Then "}],"tags":[{"name":"@smoke"}]},{"start_timestamp":"2022-10-08T21:01:47.967Z","before":[{"result":{"duration":6185000000,"status":"passed"},"match":{"location":"org.example.stepDefs.Hooks.openBrowser()"}}],"line":11,"name":"User could search using product name","description":"","id":"f04-search-|-user-will-be-able-to-search-for-products-with-different-parameters;user-could-search-using-product-name;;4","after":[{"result":{"duration":674000000,"status":"passed"},"match":{"location":"org.example.stepDefs.Hooks.closeDriver()"}}],"type":"scenario","keyword":"Scenario Outline","steps":[{"result":{"duration":85000000,"status":"passed"},"line":4,"name":"user clicks on search field","match":{"location":"org.example.stepDefs.D04_searchStepDef.search_field()"},"keyword":"When "},{"result":{"duration":49000000,"status":"passed"},"line":5,"name":"user search with \"Nike\"","match":{"arguments":[{"val":"\"Nike\"","offset":17}],"location":"org.example.stepDefs.D04_searchStepDef.userSearchWith(java.lang.String)"},"keyword":"And "},{"result":{"error_message":"io.cucumber.core.exception.CucumberException: Step [user could find {string} relative results] is defined with 0 parameters at 'org.example.stepDefs.D04_searchStepDef.userCouldFindRelativeResults()'.\nHowever, the gherkin step has 1 arguments:\n * \"Nike\"\nStep text: user could find \"Nike\" relative results\r\n\tat io.cucumber.core.runner.PickleStepDefinitionMatch.arityMismatch(PickleStepDefinitionMatch.java:83)\r\n\tat io.cucumber.core.runner.PickleStepDefinitionMatch.runStep(PickleStepDefinitionMatch.java:42)\r\n\tat io.cucumber.core.runner.ExecutionMode$1.execute(ExecutionMode.java:10)\r\n\tat io.cucumber.core.runner.TestStep.executeStep(TestStep.java:86)\r\n\tat io.cucumber.core.runner.TestStep.run(TestStep.java:57)\r\n\tat io.cucumber.core.runner.PickleStepTestStep.run(PickleStepTestStep.java:51)\r\n\tat io.cucumber.core.runner.TestCase.run(TestCase.java:95)\r\n\tat io.cucumber.core.runner.Runner.runPickle(Runner.java:75)\r\n\tat io.cucumber.testng.TestNGCucumberRunner.lambda$runScenario$1(TestNGCucumberRunner.java:132)\r\n\tat io.cucumber.core.runtime.CucumberExecutionContext.lambda$runTestCase$3(CucumberExecutionContext.java:151)\r\n\tat io.cucumber.core.runtime.RethrowingThrowableCollector.executeAndThrow(RethrowingThrowableCollector.java:23)\r\n\tat io.cucumber.core.runtime.CucumberExecutionContext.runTestCase(CucumberExecutionContext.java:151)\r\n\tat io.cucumber.testng.TestNGCucumberRunner.runScenario(TestNGCucumberRunner.java:129)\r\n\tat io.cucumber.testng.AbstractTestNGCucumberTests.runScenario(AbstractTestNGCucumberTests.java:35)\r\n\tat sun.reflect.NativeMethodAccessorImpl.invoke0(Native Method)\r\n\tat sun.reflect.NativeMethodAccessorImpl.invoke(NativeMethodAccessorImpl.java:62)\r\n\tat sun.reflect.DelegatingMethodAccessorImpl.invoke(DelegatingMethodAccessorImpl.java:43)\r\n\tat java.lang.reflect.Method.invoke(Method.java:498)\r\n\tat org.testng.internal.MethodInvocationHelper.invokeMethod(MethodInvocationHelper.java:133)\r\n\tat org.testng.internal.TestInvoker.invokeMethod(TestInvoker.java:598)\r\n\tat org.testng.internal.TestInvoker.invokeTestMethod(TestInvoker.java:173)\r\n\tat org.testng.internal.MethodRunner.runInSequence(MethodRunner.java:46)\r\n\tat org.testng.internal.TestInvoker$MethodInvocationAgent.invoke(TestInvoker.java:824)\r\n\tat org.testng.internal.TestInvoker.invokeTestMethods(TestInvoker.java:146)\r\n\tat org.testng.internal.TestMethodWorker.invokeTestMethods(TestMethodWorker.java:146)\r\n\tat org.testng.internal.TestMethodWorker.run(TestMethodWorker.java:128)\r\n\tat java.util.ArrayList.forEach(ArrayList.java:1249)\r\n\tat org.testng.TestRunner.privateRun(TestRunner.java:794)\r\n\tat org.testng.TestRunner.run(TestRunner.java:596)\r\n\tat org.testng.SuiteRunner.runTest(SuiteRunner.java:377)\r\n\tat org.testng.SuiteRunner.runSequentially(SuiteRunner.java:371)\r\n\tat org.testng.SuiteRunner.privateRun(SuiteRunner.java:332)\r\n\tat org.testng.SuiteRunner.run(SuiteRunner.java:276)\r\n\tat org.testng.SuiteRunnerWorker.runSuite(SuiteRunnerWorker.java:53)\r\n\tat org.testng.SuiteRunnerWorker.run(SuiteRunnerWorker.java:96)\r\n\tat org.testng.TestNG.runSuitesSequentially(TestNG.java:1212)\r\n\tat org.testng.TestNG.runSuitesLocally(TestNG.java:1134)\r\n\tat org.testng.TestNG.runSuites(TestNG.java:1063)\r\n\tat org.testng.TestNG.run(TestNG.java:1031)\r\n\tat com.intellij.rt.testng.IDEARemoteTestNG.run(IDEARemoteTestNG.java:66)\r\n\tat com.intellij.rt.testng.RemoteTestNGStarter.main(RemoteTestNGStarter.java:109)\r\n","duration":1000000,"status":"failed"},"line":6,"name":"user could find \"Nike\" relative results","match":{"arguments":[{"val":"\"Nike\"","offset":16}],"location":"org.example.stepDefs.D04_searchStepDef.userCouldFindRelativeResults()"},"keyword":"Then "}],"tags":[{"name":"@smoke"}]},{"start_timestamp":"2022-10-08T21:01:54.980Z","before":[{"result":{"duration":6138000000,"status":"passed"},"match":{"location":"org.example.stepDefs.Hooks.openBrowser()"}}],"line":19,"name":"User could search for product using sku","description":"","id":"f04-search-|-user-will-be-able-to-search-for-products-with-different-parameters;user-could-search-for-product-using-sku;;2","after":[{"result":{"duration":925000000,"status":"passed"},"match":{"location":"org.example.stepDefs.Hooks.closeDriver()"}}],"type":"scenario","keyword":"Scenario Outline","steps":[{"result":{"duration":98000000,"status":"passed"},"line":14,"name":"user clicks on search field","match":{"location":"org.example.stepDefs.D04_searchStepDef.search_field()"},"keyword":"When "},{"result":{"duration":55000000,"status":"passed"},"line":15,"name":"user search with \"SCI_FAITH\"","match":{"arguments":[{"val":"\"SCI_FAITH\"","offset":17}],"location":"org.example.stepDefs.D04_searchStepDef.userSearchWith(java.lang.String)"},"keyword":"And "},{"result":{"error_message":"io.cucumber.core.exception.CucumberException: Step [user could find {string} inside product detail page] is defined with 0 parameters at 'org.example.stepDefs.D04_searchStepDef.userCouldFindInsideProductDetailPage()'.\nHowever, the gherkin step has 1 arguments:\n * \"SCI_FAITH\"\nStep text: user could find \"SCI_FAITH\" inside product detail page\r\n\tat io.cucumber.core.runner.PickleStepDefinitionMatch.arityMismatch(PickleStepDefinitionMatch.java:83)\r\n\tat io.cucumber.core.runner.PickleStepDefinitionMatch.runStep(PickleStepDefinitionMatch.java:42)\r\n\tat io.cucumber.core.runner.ExecutionMode$1.execute(ExecutionMode.java:10)\r\n\tat io.cucumber.core.runner.TestStep.executeStep(TestStep.java:86)\r\n\tat io.cucumber.core.runner.TestStep.run(TestStep.java:57)\r\n\tat io.cucumber.core.runner.PickleStepTestStep.run(PickleStepTestStep.java:51)\r\n\tat io.cucumber.core.runner.TestCase.run(TestCase.java:95)\r\n\tat io.cucumber.core.runner.Runner.runPickle(Runner.java:75)\r\n\tat io.cucumber.testng.TestNGCucumberRunner.lambda$runScenario$1(TestNGCucumberRunner.java:132)\r\n\tat io.cucumber.core.runtime.CucumberExecutionContext.lambda$runTestCase$3(CucumberExecutionContext.java:151)\r\n\tat io.cucumber.core.runtime.RethrowingThrowableCollector.executeAndThrow(RethrowingThrowableCollector.java:23)\r\n\tat io.cucumber.core.runtime.CucumberExecutionContext.runTestCase(CucumberExecutionContext.java:151)\r\n\tat io.cucumber.testng.TestNGCucumberRunner.runScenario(TestNGCucumberRunner.java:129)\r\n\tat io.cucumber.testng.AbstractTestNGCucumberTests.runScenario(AbstractTestNGCucumberTests.java:35)\r\n\tat sun.reflect.NativeMethodAccessorImpl.invoke0(Native Method)\r\n\tat sun.reflect.NativeMethodAccessorImpl.invoke(NativeMethodAccessorImpl.java:62)\r\n\tat sun.reflect.DelegatingMethodAccessorImpl.invoke(DelegatingMethodAccessorImpl.java:43)\r\n\tat java.lang.reflect.Method.invoke(Method.java:498)\r\n\tat org.testng.internal.MethodInvocationHelper.invokeMethod(MethodInvocationHelper.java:133)\r\n\tat org.testng.internal.TestInvoker.invokeMethod(TestInvoker.java:598)\r\n\tat org.testng.internal.TestInvoker.invokeTestMethod(TestInvoker.java:173)\r\n\tat org.testng.internal.MethodRunner.runInSequence(MethodRunner.java:46)\r\n\tat org.testng.internal.TestInvoker$MethodInvocationAgent.invoke(TestInvoker.java:824)\r\n\tat org.testng.internal.TestInvoker.invokeTestMethods(TestInvoker.java:146)\r\n\tat org.testng.internal.TestMethodWorker.invokeTestMethods(TestMethodWorker.java:146)\r\n\tat org.testng.internal.TestMethodWorker.run(TestMethodWorker.java:128)\r\n\tat java.util.ArrayList.forEach(ArrayList.java:1249)\r\n\tat org.testng.TestRunner.privateRun(TestRunner.java:794)\r\n\tat org.testng.TestRunner.run(TestRunner.java:596)\r\n\tat org.testng.SuiteRunner.runTest(SuiteRunner.java:377)\r\n\tat org.testng.SuiteRunner.runSequentially(SuiteRunner.java:371)\r\n\tat org.testng.SuiteRunner.privateRun(SuiteRunner.java:332)\r\n\tat org.testng.SuiteRunner.run(SuiteRunner.java:276)\r\n\tat org.testng.SuiteRunnerWorker.runSuite(SuiteRunnerWorker.java:53)\r\n\tat org.testng.SuiteRunnerWorker.run(SuiteRunnerWorker.java:96)\r\n\tat org.testng.TestNG.runSuitesSequentially(TestNG.java:1212)\r\n\tat org.testng.TestNG.runSuitesLocally(TestNG.java:1134)\r\n\tat org.testng.TestNG.runSuites(TestNG.java:1063)\r\n\tat org.testng.TestNG.run(TestNG.java:1031)\r\n\tat com.intellij.rt.testng.IDEARemoteTestNG.run(IDEARemoteTestNG.java:66)\r\n\tat com.intellij.rt.testng.RemoteTestNGStarter.main(RemoteTestNGStarter.java:109)\r\n","status":"failed"},"line":16,"name":"user could find \"SCI_FAITH\" inside product detail page","match":{"arguments":[{"val":"\"SCI_FAITH\"","offset":16}],"location":"org.example.stepDefs.D04_searchStepDef.userCouldFindInsideProductDetailPage()"},"keyword":"Then "}],"tags":[{"name":"@smoke"}]},{"start_timestamp":"2022-10-08T21:02:02.213Z","before":[{"result":{"duration":37811000000,"status":"passed"},"match":{"location":"org.example.stepDefs.Hooks.openBrowser()"}}],"line":20,"name":"User could search for product using sku","description":"","id":"f04-search-|-user-will-be-able-to-search-for-products-with-different-parameters;user-could-search-for-product-using-sku;;3","after":[{"result":{"duration":711000000,"status":"passed"},"match":{"location":"org.example.stepDefs.Hooks.closeDriver()"}}],"type":"scenario","keyword":"Scenario Outline","steps":[{"result":{"error_message":"org.openqa.selenium.NoSuchElementException: no such element: Unable to locate element: {\"method\":\"css selector\",\"selector\":\"#small\\-searchterms\"}\n  (Session info: chrome=106.0.5249.103)\nFor documentation on this error, please visit: https://selenium.dev/exceptions/#no_such_element\nBuild info: version: '4.1.1', revision: 'e8fcc2cecf'\nSystem info: host: 'HESHAM-PC', ip: '192.168.1.9', os.name: 'Windows 7', os.arch: 'amd64', os.version: '6.1', java.version: '1.8.0_111'\nDriver info: org.openqa.selenium.chrome.ChromeDriver\nCommand: [cd627953c37b4e01a6333f9f1af0a9a0, findElement {using=id, value=small-searchterms}]\nCapabilities {acceptInsecureCerts: false, browserName: chrome, browserVersion: 106.0.5249.103, chrome: {chromedriverVersion: 105.0.5195.52 (412c95e51883..., userDataDir: C:\\Users\\Hesham\\AppData\\Loc...}, goog:chromeOptions: {debuggerAddress: localhost:57982}, javascriptEnabled: true, networkConnectionEnabled: false, pageLoadStrategy: normal, platform: WINDOWS, platformName: WINDOWS, proxy: Proxy(), se:cdp: ws://localhost:57982/devtoo..., se:cdpVersion: 106.0.5249.103, setWindowRect: true, strictFileInteractability: false, timeouts: {implicit: 0, pageLoad: 300000, script: 30000}, unhandledPromptBehavior: dismiss and notify, webauthn:extension:credBlob: true, webauthn:extension:largeBlob: true, webauthn:virtualAuthenticators: true}\nSession ID: cd627953c37b4e01a6333f9f1af0a9a0\r\n\tat sun.reflect.NativeConstructorAccessorImpl.newInstance0(Native Method)\r\n\tat sun.reflect.NativeConstructorAccessorImpl.newInstance(NativeConstructorAccessorImpl.java:62)\r\n\tat sun.reflect.DelegatingConstructorAccessorImpl.newInstance(DelegatingConstructorAccessorImpl.java:45)\r\n\tat java.lang.reflect.Constructor.newInstance(Constructor.java:423)\r\n\tat org.openqa.selenium.remote.codec.w3c.W3CHttpResponseCodec.createException(W3CHttpResponseCodec.java:200)\r\n\tat org.openqa.selenium.remote.codec.w3c.W3CHttpResponseCodec.decode(W3CHttpResponseCodec.java:133)\r\n\tat org.openqa.selenium.remote.codec.w3c.W3CHttpResponseCodec.decode(W3CHttpResponseCodec.java:53)\r\n\tat org.openqa.selenium.remote.HttpCommandExecutor.execute(HttpCommandExecutor.java:184)\r\n\tat org.openqa.selenium.remote.service.DriverCommandExecutor.invokeExecute(DriverCommandExecutor.java:167)\r\n\tat org.openqa.selenium.remote.service.DriverCommandExecutor.execute(DriverCommandExecutor.java:142)\r\n\tat org.openqa.selenium.remote.RemoteWebDriver.execute(RemoteWebDriver.java:543)\r\n\tat org.openqa.selenium.remote.ElementLocation$ElementFinder$2.findElement(ElementLocation.java:162)\r\n\tat org.openqa.selenium.remote.ElementLocation.findElement(ElementLocation.java:66)\r\n\tat org.openqa.selenium.remote.RemoteWebDriver.findElement(RemoteWebDriver.java:367)\r\n\tat org.openqa.selenium.remote.RemoteWebDriver.findElement(RemoteWebDriver.java:359)\r\n\tat org.openqa.selenium.support.pagefactory.DefaultElementLocator.findElement(DefaultElementLocator.java:70)\r\n\tat org.openqa.selenium.support.pagefactory.internal.LocatingElementHandler.invoke(LocatingElementHandler.java:39)\r\n\tat com.sun.proxy.$Proxy26.click(Unknown Source)\r\n\tat org.example.stepDefs.D04_searchStepDef.search_field(D04_searchStepDef.java:16)\r\n\tat âœ½.user clicks on search field(file:///C:/Users/Hesham/IdeaProjects/demonopcommerce/src/main/resources/features/F04_Search.feature:14)\r\n","duration":10058000000,"status":"failed"},"line":14,"name":"user clicks on search field","match":{"location":"org.example.stepDefs.D04_searchStepDef.search_field()"},"keyword":"When "},{"result":{"status":"skipped"},"line":15,"name":"user search with \"APPLE_CAM\"","match":{"arguments":[{"val":"\"APPLE_CAM\"","offset":17}],"location":"org.example.stepDefs.D04_searchStepDef.userSearchWith(java.lang.String)"},"keyword":"And "},{"result":{"status":"skipped"},"line":16,"name":"user could find \"APPLE_CAM\" inside product detail page","match":{"arguments":[{"val":"\"APPLE_CAM\"","offset":16}],"location":"org.example.stepDefs.D04_searchStepDef.userCouldFindInsideProductDetailPage()"},"keyword":"Then "}],"tags":[{"name":"@smoke"}]},{"start_timestamp":"2022-10-08T21:02:50.806Z","before":[{"result":{"duration":4169000000,"status":"passed"},"match":{"location":"org.example.stepDefs.Hooks.openBrowser()"}}],"line":21,"name":"User could search for product using sku","description":"","id":"f04-search-|-user-will-be-able-to-search-for-products-with-different-parameters;user-could-search-for-product-using-sku;;4","after":[{"result":{"duration":656000000,"status":"passed"},"match":{"location":"org.example.stepDefs.Hooks.closeDriver()"}}],"type":"scenario","keyword":"Scenario Outline","steps":[{"result":{"duration":93000000,"status":"passed"},"line":14,"name":"user clicks on search field","match":{"location":"org.example.stepDefs.D04_searchStepDef.search_field()"},"keyword":"When "},{"result":{"duration":62000000,"status":"passed"},"line":15,"name":"user search with \"SF_PRO_11\"","match":{"arguments":[{"val":"\"SF_PRO_11\"","offset":17}],"location":"org.example.stepDefs.D04_searchStepDef.userSearchWith(java.lang.String)"},"keyword":"And "},{"result":{"error_message":"io.cucumber.core.exception.CucumberException: Step [user could find {string} inside product detail page] is defined with 0 parameters at 'org.example.stepDefs.D04_searchStepDef.userCouldFindInsideProductDetailPage()'.\nHowever, the gherkin step has 1 arguments:\n * \"SF_PRO_11\"\nStep text: user could find \"SF_PRO_11\" inside product detail page\r\n\tat io.cucumber.core.runner.PickleStepDefinitionMatch.arityMismatch(PickleStepDefinitionMatch.java:83)\r\n\tat io.cucumber.core.runner.PickleStepDefinitionMatch.runStep(PickleStepDefinitionMatch.java:42)\r\n\tat io.cucumber.core.runner.ExecutionMode$1.execute(ExecutionMode.java:10)\r\n\tat io.cucumber.core.runner.TestStep.executeStep(TestStep.java:86)\r\n\tat io.cucumber.core.runner.TestStep.run(TestStep.java:57)\r\n\tat io.cucumber.core.runner.PickleStepTestStep.run(PickleStepTestStep.java:51)\r\n\tat io.cucumber.core.runner.TestCase.run(TestCase.java:95)\r\n\tat io.cucumber.core.runner.Runner.runPickle(Runner.java:75)\r\n\tat io.cucumber.testng.TestNGCucumberRunner.lambda$runScenario$1(TestNGCucumberRunner.java:132)\r\n\tat io.cucumber.core.runtime.CucumberExecutionContext.lambda$runTestCase$3(CucumberExecutionContext.java:151)\r\n\tat io.cucumber.core.runtime.RethrowingThrowableCollector.executeAndThrow(RethrowingThrowableCollector.java:23)\r\n\tat io.cucumber.core.runtime.CucumberExecutionContext.runTestCase(CucumberExecutionContext.java:151)\r\n\tat io.cucumber.testng.TestNGCucumberRunner.runScenario(TestNGCucumberRunner.java:129)\r\n\tat io.cucumber.testng.AbstractTestNGCucumberTests.runScenario(AbstractTestNGCucumberTests.java:35)\r\n\tat sun.reflect.NativeMethodAccessorImpl.invoke0(Native Method)\r\n\tat sun.reflect.NativeMethodAccessorImpl.invoke(NativeMethodAccessorImpl.java:62)\r\n\tat sun.reflect.DelegatingMethodAccessorImpl.invoke(DelegatingMethodAccessorImpl.java:43)\r\n\tat java.lang.reflect.Method.invoke(Method.java:498)\r\n\tat org.testng.internal.MethodInvocationHelper.invokeMethod(MethodInvocationHelper.java:133)\r\n\tat org.testng.internal.TestInvoker.invokeMethod(TestInvoker.java:598)\r\n\tat org.testng.internal.TestInvoker.invokeTestMethod(TestInvoker.java:173)\r\n\tat org.testng.internal.MethodRunner.runInSequence(MethodRunner.java:46)\r\n\tat org.testng.internal.TestInvoker$MethodInvocationAgent.invoke(TestInvoker.java:824)\r\n\tat org.testng.internal.TestInvoker.invokeTestMethods(TestInvoker.java:146)\r\n\tat org.testng.internal.TestMethodWorker.invokeTestMethods(TestMethodWorker.java:146)\r\n\tat org.testng.internal.TestMethodWorker.run(TestMethodWorker.java:128)\r\n\tat java.util.ArrayList.forEach(ArrayList.java:1249)\r\n\tat org.testng.TestRunner.privateRun(TestRunner.java:794)\r\n\tat org.testng.TestRunner.run(TestRunner.java:596)\r\n\tat org.testng.SuiteRunner.runTest(SuiteRunner.java:377)\r\n\tat org.testng.SuiteRunner.runSequentially(SuiteRunner.java:371)\r\n\tat org.testng.SuiteRunner.privateRun(SuiteRunner.java:332)\r\n\tat org.testng.SuiteRunner.run(SuiteRunner.java:276)\r\n\tat org.testng.SuiteRunnerWorker.runSuite(SuiteRunnerWorker.java:53)\r\n\tat org.testng.SuiteRunnerWorker.run(SuiteRunnerWorker.java:96)\r\n\tat org.testng.TestNG.runSuitesSequentially(TestNG.java:1212)\r\n\tat org.testng.TestNG.runSuitesLocally(TestNG.java:1134)\r\n\tat org.testng.TestNG.runSuites(TestNG.java:1063)\r\n\tat org.testng.TestNG.run(TestNG.java:1031)\r\n\tat com.intellij.rt.testng.IDEARemoteTestNG.run(IDEARemoteTestNG.java:66)\r\n\tat com.intellij.rt.testng.RemoteTestNGStarter.main(RemoteTestNGStarter.java:109)\r\n","status":"failed"},"line":16,"name":"user could find \"SF_PRO_11\" inside product detail page","match":{"arguments":[{"val":"\"SF_PRO_11\"","offset":16}],"location":"org.example.stepDefs.D04_searchStepDef.userCouldFindInsideProductDetailPage()"},"keyword":"Then "}],"tags":[{"name":"@smoke"}]}],"name":"F04_Search | User will be able to search for products with different parameters","description":"","id":"f04-search-|-user-will-be-able-to-search-for-products-with-different-parameters","keyword":"Feature","uri":"file:src/main/resources/features/F04_Search.feature","tags":[{"name":"@smoke","type":"Tag","location":{"line":1,"column":1}}]},{"line":2,"elements":[{"start_timestamp":"2022-10-08T21:02:55.797Z","before":[{"result":{"duration":20848000000,"status":"passed"},"match":{"location":"org.example.stepDefs.Hooks.openBrowser()"}}],"line":3,"name":"user want to hover on element","description":"","id":"f05-hover|-user-user-will-be-able-to-hover-on-element-and-select-it.;user-want-to-hover-on-element","after":[{"result":{"duration":1409000000,"status":"passed"},"match":{"location":"org.example.stepDefs.Hooks.closeDriver()"}}],"type":"scenario","keyword":"Scenario","steps":[{"result":{"duration":278000000,"status":"passed"},"line":4,"name":"hover to random element","match":{"location":"org.example.stepDefs.D05_hoverCategoriesStepDef.hoverToRandomElement()"},"keyword":"Given "},{"result":{"error_message":"org.openqa.selenium.ElementNotInteractableException: element not interactable: https://demo.nopcommerce.com/desktops has no size and location\n  (Session info: chrome=106.0.5249.103)\nBuild info: version: '4.1.1', revision: 'e8fcc2cecf'\nSystem info: host: 'HESHAM-PC', ip: '192.168.1.9', os.name: 'Windows 7', os.arch: 'amd64', os.version: '6.1', java.version: '1.8.0_111'\nDriver info: org.openqa.selenium.chrome.ChromeDriver\nCommand: [4e06f7692ad2670ae13484d20a3aee0c, actions {actions=[org.openqa.selenium.interactions.Sequence@432a6a69]}]\nCapabilities {acceptInsecureCerts: false, browserName: chrome, browserVersion: 106.0.5249.103, chrome: {chromedriverVersion: 105.0.5195.52 (412c95e51883..., userDataDir: C:\\Users\\Hesham\\AppData\\Loc...}, goog:chromeOptions: {debuggerAddress: localhost:58021}, javascriptEnabled: true, networkConnectionEnabled: false, pageLoadStrategy: normal, platform: WINDOWS, platformName: WINDOWS, proxy: Proxy(), se:cdp: ws://localhost:58021/devtoo..., se:cdpVersion: 106.0.5249.103, setWindowRect: true, strictFileInteractability: false, timeouts: {implicit: 0, pageLoad: 300000, script: 30000}, unhandledPromptBehavior: dismiss and notify, webauthn:extension:credBlob: true, webauthn:extension:largeBlob: true, webauthn:virtualAuthenticators: true}\nSession ID: 4e06f7692ad2670ae13484d20a3aee0c\r\n\tat sun.reflect.NativeConstructorAccessorImpl.newInstance0(Native Method)\r\n\tat sun.reflect.NativeConstructorAccessorImpl.newInstance(NativeConstructorAccessorImpl.java:62)\r\n\tat sun.reflect.DelegatingConstructorAccessorImpl.newInstance(DelegatingConstructorAccessorImpl.java:45)\r\n\tat java.lang.reflect.Constructor.newInstance(Constructor.java:423)\r\n\tat org.openqa.selenium.remote.codec.w3c.W3CHttpResponseCodec.createException(W3CHttpResponseCodec.java:200)\r\n\tat org.openqa.selenium.remote.codec.w3c.W3CHttpResponseCodec.decode(W3CHttpResponseCodec.java:133)\r\n\tat org.openqa.selenium.remote.codec.w3c.W3CHttpResponseCodec.decode(W3CHttpResponseCodec.java:53)\r\n\tat org.openqa.selenium.remote.HttpCommandExecutor.execute(HttpCommandExecutor.java:184)\r\n\tat org.openqa.selenium.remote.service.DriverCommandExecutor.invokeExecute(DriverCommandExecutor.java:167)\r\n\tat org.openqa.selenium.remote.service.DriverCommandExecutor.execute(DriverCommandExecutor.java:142)\r\n\tat org.openqa.selenium.remote.RemoteWebDriver.execute(RemoteWebDriver.java:543)\r\n\tat org.openqa.selenium.remote.RemoteWebDriver.perform(RemoteWebDriver.java:611)\r\n\tat org.openqa.selenium.interactions.Actions$BuiltAction.perform(Actions.java:617)\r\n\tat org.example.stepDefs.D05_hoverCategoriesStepDef.userClickOnAnyCategory(D05_hoverCategoriesStepDef.java:29)\r\n\tat âœ½.user click on any category and verify text(file:///C:/Users/Hesham/IdeaProjects/demonopcommerce/src/main/resources/features/F05_hoverCategories.feature:5)\r\n","duration":46000000,"status":"failed"},"line":5,"name":"user click on any category and verify text","match":{"location":"org.example.stepDefs.D05_hoverCategoriesStepDef.userClickOnAnyCategory()"},"keyword":"And "}],"tags":[{"name":"@smoke"}]}],"name":"F05 hover| User User will be able to hover on element and select it.","description":"","id":"f05-hover|-user-user-will-be-able-to-hover-on-element-and-select-it.","keyword":"Feature","uri":"file:src/main/resources/features/F05_hoverCategories.feature","tags":[{"name":"@smoke","type":"Tag","location":{"line":1,"column":1}}]},{"line":2,"elements":[{"start_timestamp":"2022-10-08T21:03:18.388Z","before":[{"result":{"duration":5985000000,"status":"passed"},"match":{"location":"org.example.stepDefs.Hooks.openBrowser()"}}],"line":4,"name":"user opens facebook link","description":"","id":"f07|-users-could-follow-on-different-social-media-platforms;user-opens-facebook-link","after":[{"result":{"duration":784000000,"status":"passed"},"match":{"location":"org.example.stepDefs.Hooks.closeDriver()"}}],"type":"scenario","keyword":"Scenario","steps":[{"result":{"duration":2199000000,"status":"passed"},"line":5,"name":"user opens facebook link","match":{"location":"org.example.stepDefs.D07_followUsStepDef.user_opens_facebook_link()"},"keyword":"Given "},{"result":{"error_message":"org.openqa.selenium.WebDriverException: Remote browser did not respond to getCurrentUrl\nBuild info: version: '4.1.1', revision: 'e8fcc2cecf'\nSystem info: host: 'HESHAM-PC', ip: '192.168.1.9', os.name: 'Windows 7', os.arch: 'amd64', os.version: '6.1', java.version: '1.8.0_111'\nDriver info: driver.version: RemoteWebDriver\r\n\tat org.openqa.selenium.remote.RemoteWebDriver.getCurrentUrl(RemoteWebDriver.java:326)\r\n\tat org.example.stepDefs.D07_followUsStepDef.isOpenedInNewTab(D07_followUsStepDef.java:33)\r\n\tat âœ½.\"https://www.facebook.com/nopCommerce\" is opened in new tab(file:///C:/Users/Hesham/IdeaProjects/demonopcommerce/src/main/resources/features/F07_followUs.feature:6)\r\n","duration":4911000000,"status":"failed"},"line":6,"name":"\"https://www.facebook.com/nopCommerce\" is opened in new tab","match":{"arguments":[{"val":"\"https://www.facebook.com/nopCommerce\"","offset":0}],"location":"org.example.stepDefs.D07_followUsStepDef.isOpenedInNewTab(java.lang.String)"},"keyword":"Then "}],"tags":[{"name":"@smoke"}]},{"start_timestamp":"2022-10-08T21:03:32.282Z","before":[{"result":{"duration":5021000000,"status":"passed"},"match":{"location":"org.example.stepDefs.Hooks.openBrowser()"}}],"line":8,"name":"user opens twitter link","description":"","id":"f07|-users-could-follow-on-different-social-media-platforms;user-opens-twitter-link","after":[{"result":{"duration":681000000,"status":"passed"},"match":{"location":"org.example.stepDefs.Hooks.closeDriver()"}}],"type":"scenario","keyword":"Scenario","steps":[{"result":{"duration":184000000,"status":"passed"},"line":9,"name":"user opens twitter link","match":{"location":"org.example.stepDefs.D07_followUsStepDef.userOpensTwitterLink()"},"keyword":"Given "},{"result":{"duration":6379000000,"status":"passed"},"line":10,"name":"\"https://twitter.com/nopCommerce\" is opened in new tab","match":{"arguments":[{"val":"\"https://twitter.com/nopCommerce\"","offset":0}],"location":"org.example.stepDefs.D07_followUsStepDef.isOpenedInNewTab(java.lang.String)"},"keyword":"Then "}],"tags":[{"name":"@smoke"}]},{"start_timestamp":"2022-10-08T21:03:44.556Z","before":[{"result":{"duration":19887000000,"status":"passed"},"match":{"location":"org.example.stepDefs.Hooks.openBrowser()"}}],"line":13,"name":"user opens rss link","description":"","id":"f07|-users-could-follow-on-different-social-media-platforms;user-opens-rss-link","after":[{"result":{"duration":699000000,"status":"passed"},"match":{"location":"org.example.stepDefs.Hooks.closeDriver()"}}],"type":"scenario","keyword":"Scenario","steps":[{"result":{"error_message":"org.openqa.selenium.NoSuchWindowException: no such window: target window already closed\nfrom unknown error: web view not found\n  (Session info: chrome=106.0.5249.103)\nBuild info: version: '4.1.1', revision: 'e8fcc2cecf'\nSystem info: host: 'HESHAM-PC', ip: '192.168.1.9', os.name: 'Windows 7', os.arch: 'amd64', os.version: '6.1', java.version: '1.8.0_111'\nDriver info: org.openqa.selenium.chrome.ChromeDriver\nCommand: [f424c1e65847f8ce454f628982662057, findElement {using=link text, value=RSS}]\nCapabilities {acceptInsecureCerts: false, browserName: chrome, browserVersion: 106.0.5249.103, chrome: {chromedriverVersion: 105.0.5195.52 (412c95e51883..., userDataDir: C:\\Users\\Hesham\\AppData\\Loc...}, goog:chromeOptions: {debuggerAddress: localhost:58099}, javascriptEnabled: true, networkConnectionEnabled: false, pageLoadStrategy: normal, platform: WINDOWS, platformName: WINDOWS, proxy: Proxy(), se:cdp: ws://localhost:58099/devtoo..., se:cdpVersion: 106.0.5249.103, setWindowRect: true, strictFileInteractability: false, timeouts: {implicit: 0, pageLoad: 300000, script: 30000}, unhandledPromptBehavior: dismiss and notify, webauthn:extension:credBlob: true, webauthn:extension:largeBlob: true, webauthn:virtualAuthenticators: true}\nSession ID: f424c1e65847f8ce454f628982662057\r\n\tat sun.reflect.NativeConstructorAccessorImpl.newInstance0(Native Method)\r\n\tat sun.reflect.NativeConstructorAccessorImpl.newInstance(NativeConstructorAccessorImpl.java:62)\r\n\tat sun.reflect.DelegatingConstructorAccessorImpl.newInstance(DelegatingConstructorAccessorImpl.java:45)\r\n\tat java.lang.reflect.Constructor.newInstance(Constructor.java:423)\r\n\tat org.openqa.selenium.remote.codec.w3c.W3CHttpResponseCodec.createException(W3CHttpResponseCodec.java:200)\r\n\tat org.openqa.selenium.remote.codec.w3c.W3CHttpResponseCodec.decode(W3CHttpResponseCodec.java:133)\r\n\tat org.openqa.selenium.remote.codec.w3c.W3CHttpResponseCodec.decode(W3CHttpResponseCodec.java:53)\r\n\tat org.openqa.selenium.remote.HttpCommandExecutor.execute(HttpCommandExecutor.java:184)\r\n\tat org.openqa.selenium.remote.service.DriverCommandExecutor.invokeExecute(DriverCommandExecutor.java:167)\r\n\tat org.openqa.selenium.remote.service.DriverCommandExecutor.execute(DriverCommandExecutor.java:142)\r\n\tat org.openqa.selenium.remote.RemoteWebDriver.execute(RemoteWebDriver.java:543)\r\n\tat org.openqa.selenium.remote.ElementLocation$ElementFinder$2.findElement(ElementLocation.java:162)\r\n\tat org.openqa.selenium.remote.ElementLocation.findElement(ElementLocation.java:60)\r\n\tat org.openqa.selenium.remote.RemoteWebDriver.findElement(RemoteWebDriver.java:367)\r\n\tat org.openqa.selenium.remote.RemoteWebDriver.findElement(RemoteWebDriver.java:359)\r\n\tat org.example.pages.P03_homePage.open_rss(P03_homePage.java:75)\r\n\tat org.example.stepDefs.D07_followUsStepDef.userOpensRssLink(D07_followUsStepDef.java:23)\r\n\tat âœ½.user opens rss link(file:///C:/Users/Hesham/IdeaProjects/demonopcommerce/src/main/resources/features/F07_followUs.feature:14)\r\n","duration":5000000,"status":"failed"},"line":14,"name":"user opens rss link","match":{"location":"org.example.stepDefs.D07_followUsStepDef.userOpensRssLink()"},"keyword":"Given "},{"result":{"duration":1000000,"status":"skipped"},"line":15,"name":"\"https://demo.nopcommerce.com/new-online-store-is-open\" is opened in new tab","match":{"arguments":[{"val":"\"https://demo.nopcommerce.com/new-online-store-is-open\"","offset":0}],"location":"org.example.stepDefs.D07_followUsStepDef.isOpenedInNewTab(java.lang.String)"},"keyword":"Then "}],"tags":[{"name":"@smoke"}]},{"start_timestamp":"2022-10-08T21:04:05.161Z","before":[{"result":{"error_message":"org.openqa.selenium.WebDriverException: unknown error: cannot determine loading status\nfrom disconnected: received Inspector.detached event\n  (Session info: chrome=106.0.5249.103)\nBuild info: version: '4.1.1', revision: 'e8fcc2cecf'\nSystem info: host: 'HESHAM-PC', ip: '192.168.1.9', os.name: 'Windows 7', os.arch: 'amd64', os.version: '6.1', java.version: '1.8.0_111'\nDriver info: org.openqa.selenium.chrome.ChromeDriver\nCommand: [ddc4018b6320e61067dd851fb5d8b319, get {url=https://demo.nopcommerce.com/}]\nCapabilities {acceptInsecureCerts: false, browserName: chrome, browserVersion: 106.0.5249.103, chrome: {chromedriverVersion: 105.0.5195.52 (412c95e51883..., userDataDir: C:\\Users\\Hesham\\AppData\\Loc...}, goog:chromeOptions: {debuggerAddress: localhost:58117}, javascriptEnabled: true, networkConnectionEnabled: false, pageLoadStrategy: normal, platform: WINDOWS, platformName: WINDOWS, proxy: Proxy(), se:cdp: ws://localhost:58117/devtoo..., se:cdpVersion: 106.0.5249.103, setWindowRect: true, strictFileInteractability: false, timeouts: {implicit: 0, pageLoad: 300000, script: 30000}, unhandledPromptBehavior: dismiss and notify, webauthn:extension:credBlob: true, webauthn:extension:largeBlob: true, webauthn:virtualAuthenticators: true}\nSession ID: ddc4018b6320e61067dd851fb5d8b319\r\n\tat sun.reflect.NativeConstructorAccessorImpl.newInstance0(Native Method)\r\n\tat sun.reflect.NativeConstructorAccessorImpl.newInstance(NativeConstructorAccessorImpl.java:62)\r\n\tat sun.reflect.DelegatingConstructorAccessorImpl.newInstance(DelegatingConstructorAccessorImpl.java:45)\r\n\tat java.lang.reflect.Constructor.newInstance(Constructor.java:423)\r\n\tat org.openqa.selenium.remote.codec.w3c.W3CHttpResponseCodec.createException(W3CHttpResponseCodec.java:200)\r\n\tat org.openqa.selenium.remote.codec.w3c.W3CHttpResponseCodec.decode(W3CHttpResponseCodec.java:133)\r\n\tat org.openqa.selenium.remote.codec.w3c.W3CHttpResponseCodec.decode(W3CHttpResponseCodec.java:53)\r\n\tat org.openqa.selenium.remote.HttpCommandExecutor.execute(HttpCommandExecutor.java:184)\r\n\tat org.openqa.selenium.remote.service.DriverCommandExecutor.invokeExecute(DriverCommandExecutor.java:167)\r\n\tat org.openqa.selenium.remote.service.DriverCommandExecutor.execute(DriverCommandExecutor.java:142)\r\n\tat org.openqa.selenium.remote.RemoteWebDriver.execute(RemoteWebDriver.java:543)\r\n\tat org.openqa.selenium.remote.RemoteWebDriver.get(RemoteWebDriver.java:312)\r\n\tat org.openqa.selenium.remote.RemoteWebDriver$RemoteNavigation.to(RemoteWebDriver.java:998)\r\n\tat org.example.stepDefs.Hooks.openBrowser(Hooks.java:20)\r\n","duration":3389000000,"status":"failed"},"match":{"location":"org.example.stepDefs.Hooks.openBrowser()"}}],"line":18,"name":"user opens youtube link","description":"","id":"f07|-users-could-follow-on-different-social-media-platforms;user-opens-youtube-link","after":[{"result":{"duration":736000000,"status":"passed"},"match":{"location":"org.example.stepDefs.Hooks.closeDriver()"}}],"type":"scenario","keyword":"Scenario","steps":[{"result":{"duration":1000000,"status":"skipped"},"line":19,"name":"user opens youtube link","match":{"location":"org.example.stepDefs.D07_followUsStepDef.userOpensYoutubeLink()"},"keyword":"Given "},{"result":{"status":"skipped"},"line":20,"name":"\"https://www.youtube.com/user/nopCommerce\" is opened in new tab","match":{"arguments":[{"val":"\"https://www.youtube.com/user/nopCommerce\"","offset":0}],"location":"org.example.stepDefs.D07_followUsStepDef.isOpenedInNewTab(java.lang.String)"},"keyword":"Then "}],"tags":[{"name":"@smoke"}]}],"name":"F07| Users could follow on different social media platforms","description":"","id":"f07|-users-could-follow-on-different-social-media-platforms","keyword":"Feature","uri":"file:src/main/resources/features/F07_followUs.feature","tags":[{"name":"@smoke","type":"Tag","location":{"line":1,"column":1}}]},{"line":2,"elements":[{"start_timestamp":"2022-10-08T21:04:09.307Z","before":[{"result":{"duration":4397000000,"status":"passed"},"match":{"location":"org.example.stepDefs.Hooks.openBrowser()"}}],"line":4,"name":"user will click on wishlist icon in the third product to add it to wishlist","description":"","id":"f08|-users-be-able-to-add-products-to-wish-list;user-will-click-on-wishlist-icon-in-the-third-product-to-add-it-to-wishlist","after":[{"result":{"duration":647000000,"status":"passed"},"match":{"location":"org.example.stepDefs.Hooks.closeDriver()"}}],"type":"scenario","keyword":"Scenario","steps":[{"result":{"duration":74000000,"status":"passed"},"line":5,"name":"user click on wishlist icon","match":{"location":"org.example.stepDefs.D08_WishlistStepDef.click_wishlist()"},"keyword":"Given "},{"result":{"duration":1008000000,"status":"passed"},"line":6,"name":"user assert that product added successfully","match":{"location":"org.example.stepDefs.D08_WishlistStepDef.userAssertThatProductAddedSuccessfully()"},"keyword":"Then "}],"tags":[{"name":"@smoke"}]},{"start_timestamp":"2022-10-08T21:04:15.532Z","before":[{"result":{"duration":3869000000,"status":"passed"},"match":{"location":"org.example.stepDefs.Hooks.openBrowser()"}}],"line":9,"name":"user will click on wishlist icon in the third product to add it to wishlist","description":"","id":"f08|-users-be-able-to-add-products-to-wish-list;user-will-click-on-wishlist-icon-in-the-third-product-to-add-it-to-wishlist","after":[{"result":{"duration":1401000000,"status":"passed"},"match":{"location":"org.example.stepDefs.Hooks.closeDriver()"}}],"type":"scenario","keyword":"Scenario","steps":[{"result":{"duration":123000000,"status":"passed"},"line":10,"name":"user click on wishlist icon","match":{"location":"org.example.stepDefs.D08_WishlistStepDef.click_wishlist()"},"keyword":"Given "},{"result":{"duration":5524000000,"status":"passed"},"line":11,"name":"user will use explicit Wait until message disappeared","match":{"location":"org.example.stepDefs.D08_WishlistStepDef.userWillUseExplicitWaitUntilMessageDisappeared()"},"keyword":"When "},{"result":{"duration":2239000000,"status":"passed"},"line":12,"name":"user click on Wishlist Tab on the top of the page","match":{"location":"org.example.stepDefs.D08_WishlistStepDef.userClickOnTabOnTheTopOfThePage()"},"keyword":"And "},{"result":{"duration":40000000,"status":"passed"},"line":13,"name":"user should get Qty value and verify it's bigger than 0","match":{"location":"org.example.stepDefs.D08_WishlistStepDef.userShouldGetQtyValueAndVerifyItSBiggerThan()"},"keyword":"Then "}],"tags":[{"name":"@smoke"}]}],"name":"F08| Users be able to add products to wish List","description":"","id":"f08|-users-be-able-to-add-products-to-wish-list","keyword":"Feature","uri":"file:src/main/resources/features/F08_WishList.feature","tags":[{"name":"@smoke","type":"Tag","location":{"line":1,"column":1}}]}]